# JRE version: OpenJDK Runtime Environment (7.0_79-b14) (build 1.7.0_79-b14)
# Java VM: OpenJDK Server VM (24.79-b02 mixed mode linux-x86 )
Heap
 PSYoungGen      total 9216K, used 7409K [0xa8780000, 0xa91c0000, 0xb3240000)
  eden space 7936K, 77% used [0xa8780000,0xa8d7d088,0xa8f40000)
  from space 1280K, 99% used [0xa9080000,0xa91bf728,0xa91c0000)
  to   space 1280K, 0% used [0xa8f40000,0xa8f40000,0xa9080000)
 ParOldGen       total 20736K, used 2309K [0x93240000, 0x94680000, 0xa8780000)
  object space 20736K, 11% used [0x93240000,0x93481750,0x94680000)
 PSPermGen       total 16384K, used 8086K [0x8b240000, 0x8c240000, 0x93240000)
  object space 16384K, 49% used [0x8b240000,0x8ba25ab0,0x8c240000)
GC Heap History (4 events):
Event: 41.051 GC heap before
{Heap before GC invocations=1 (full 0):
 PSYoungGen      total 9216K, used 7936K [0xa8780000, 0xa91c0000, 0xb3240000)
  eden space 7936K, 100% used [0xa8780000,0xa8f40000,0xa8f40000)
  from space 1280K, 0% used [0xa9080000,0xa9080000,0xa91c0000)
  to   space 1280K, 0% used [0xa8f40000,0xa8f40000,0xa9080000)
 ParOldGen       total 20736K, used 0K [0x93240000, 0x94680000, 0xa8780000)
  object space 20736K, 0% used [0x93240000,0x93240000,0x94680000)
 PSPermGen       total 16384K, used 6317K [0x8b240000, 0x8c240000, 0x93240000)
  object space 16384K, 38% used [0x8b240000,0x8b86b4a8,0x8c240000)
Event: 41.059 GC heap after
Heap after GC invocations=1 (full 0):
 PSYoungGen      total 9216K, used 1275K [0xa8780000, 0xa91c0000, 0xb3240000)
  eden space 7936K, 0% used [0xa8780000,0xa8780000,0xa8f40000)
  from space 1280K, 99% used [0xa8f40000,0xa907ee28,0xa9080000)
  to   space 1280K, 0% used [0xa9080000,0xa9080000,0xa91c0000)
 ParOldGen       total 20736K, used 722K [0x93240000, 0x94680000, 0xa8780000)
  object space 20736K, 3% used [0x93240000,0x932f48f8,0x94680000)
 PSPermGen       total 16384K, used 6317K [0x8b240000, 0x8c240000, 0x93240000)
  object space 16384K, 38% used [0x8b240000,0x8b86b4a8,0x8c240000)
}
Event: 42.391 GC heap before
{Heap before GC invocations=2 (full 0):
 PSYoungGen      total 9216K, used 9211K [0xa8780000, 0xa91c0000, 0xb3240000)
  eden space 7936K, 100% used [0xa8780000,0xa8f40000,0xa8f40000)
  from space 1280K, 99% used [0xa8f40000,0xa907ee28,0xa9080000)
  to   space 1280K, 0% used [0xa9080000,0xa9080000,0xa91c0000)
 ParOldGen       total 20736K, used 722K [0x93240000, 0x94680000, 0xa8780000)
  object space 20736K, 3% used [0x93240000,0x932f48f8,0x94680000)
 PSPermGen       total 16384K, used 7452K [0x8b240000, 0x8c240000, 0x93240000)
  object space 16384K, 45% used [0x8b240000,0x8b987368,0x8c240000)
Event: 42.403 GC heap after
Heap after GC invocations=2 (full 0):
 PSYoungGen      total 9216K, used 1277K [0xa8780000, 0xa91c0000, 0xb3240000)
  eden space 7936K, 0% used [0xa8780000,0xa8780000,0xa8f40000)
  from space 1280K, 99% used [0xa9080000,0xa91bf728,0xa91c0000)
  to   space 1280K, 0% used [0xa8f40000,0xa8f40000,0xa9080000)
 ParOldGen       total 20736K, used 2309K [0x93240000, 0x94680000, 0xa8780000)
  object space 20736K, 11% used [0x93240000,0x93481750,0x94680000)
 PSPermGen       total 16384K, used 7452K [0x8b240000, 0x8c240000, 0x93240000)
  object space 16384K, 45% used [0x8b240000,0x8b987368,0x8c240000)
}

