# JRE version: OpenJDK Runtime Environment (7.0_79-b14) (build 1.7.0_79-b14)
# Java VM: OpenJDK Server VM (24.79-b02 mixed mode linux-x86 )
Heap
 PSYoungGen      total 9216K, used 7716K [0xa8780000, 0xa91c0000, 0xb3240000)
  eden space 7936K, 89% used [0xa8780000,0xa8e71390,0xa8f40000)
  from space 1280K, 47% used [0xa9080000,0xa9118040,0xa91c0000)
  to   space 1280K, 0% used [0xa8f40000,0xa8f40000,0xa9080000)
 ParOldGen       total 20736K, used 4K [0x93240000, 0x94680000, 0xa8780000)
  object space 20736K, 0% used [0x93240000,0x93241000,0x94680000)
 PSPermGen       total 16384K, used 4820K [0x8b240000, 0x8c240000, 0x93240000)
  object space 16384K, 29% used [0x8b240000,0x8b6f50b0,0x8c240000)
GC Heap History (4 events):
Event: 620.737 GC heap before
{Heap before GC invocations=1 (full 0):
 PSYoungGen      total 9216K, used 7936K [0xa8780000, 0xa91c0000, 0xb3240000)
  eden space 7936K, 100% used [0xa8780000,0xa8f40000,0xa8f40000)
  from space 1280K, 0% used [0xa9080000,0xa9080000,0xa91c0000)
  to   space 1280K, 0% used [0xa8f40000,0xa8f40000,0xa9080000)
 ParOldGen       total 20736K, used 0K [0x93240000, 0x94680000, 0xa8780000)
  object space 20736K, 0% used [0x93240000,0x93240000,0x94680000)
 PSPermGen       total 16384K, used 4819K [0x8b240000, 0x8c240000, 0x93240000)
  object space 16384K, 29% used [0x8b240000,0x8b6f4f30,0x8c240000)
Event: 620.775 GC heap after
Heap after GC invocations=1 (full 0):
 PSYoungGen      total 9216K, used 782K [0xa8780000, 0xa91c0000, 0xb3240000)
  eden space 7936K, 0% used [0xa8780000,0xa8780000,0xa8f40000)
  from space 1280K, 61% used [0xa8f40000,0xa9003bf8,0xa9080000)
  to   space 1280K, 0% used [0xa9080000,0xa9080000,0xa91c0000)
 ParOldGen       total 20736K, used 4K [0x93240000, 0x94680000, 0xa8780000)
  object space 20736K, 0% used [0x93240000,0x93241000,0x94680000)
 PSPermGen       total 16384K, used 4819K [0x8b240000, 0x8c240000, 0x93240000)
  object space 16384K, 29% used [0x8b240000,0x8b6f4f30,0x8c240000)
}
Event: 1031.649 GC heap before
{Heap before GC invocations=2 (full 0):
 PSYoungGen      total 9216K, used 8718K [0xa8780000, 0xa91c0000, 0xb3240000)
  eden space 7936K, 100% used [0xa8780000,0xa8f40000,0xa8f40000)
  from space 1280K, 61% used [0xa8f40000,0xa9003bf8,0xa9080000)
  to   space 1280K, 0% used [0xa9080000,0xa9080000,0xa91c0000)
 ParOldGen       total 20736K, used 4K [0x93240000, 0x94680000, 0xa8780000)
  object space 20736K, 0% used [0x93240000,0x93241000,0x94680000)
 PSPermGen       total 16384K, used 4820K [0x8b240000, 0x8c240000, 0x93240000)
  object space 16384K, 29% used [0x8b240000,0x8b6f50b0,0x8c240000)
Event: 1031.657 GC heap after
Heap after GC invocations=2 (full 0):
 PSYoungGen      total 9216K, used 608K [0xa8780000, 0xa91c0000, 0xb3240000)
  eden space 7936K, 0% used [0xa8780000,0xa8780000,0xa8f40000)
  from space 1280K, 47% used [0xa9080000,0xa9118040,0xa91c0000)
  to   space 1280K, 0% used [0xa8f40000,0xa8f40000,0xa9080000)
 ParOldGen       total 20736K, used 4K [0x93240000, 0x94680000, 0xa8780000)
  object space 20736K, 0% used [0x93240000,0x93241000,0x94680000)
 PSPermGen       total 16384K, used 4820K [0x8b240000, 0x8c240000, 0x93240000)
  object space 16384K, 29% used [0x8b240000,0x8b6f50b0,0x8c240000)
}

