# JRE version: OpenJDK Runtime Environment (7.0_79-b14) (build 1.7.0_79-b14)
# Java VM: OpenJDK Server VM (24.79-b02 mixed mode linux-x86 )
Heap
 PSYoungGen      total 9216K, used 4228K [0xa8880000, 0xa92c0000, 0xb3340000)
  eden space 7936K, 44% used [0xa8880000,0xa8beefe0,0xa9040000)
  from space 1280K, 55% used [0xa9180000,0xa9232060,0xa92c0000)
  to   space 1280K, 0% used [0xa9040000,0xa9040000,0xa9180000)
 ParOldGen       total 20736K, used 8K [0x93340000, 0x94780000, 0xa8880000)
  object space 20736K, 0% used [0x93340000,0x93342000,0x94780000)
 PSPermGen       total 16384K, used 5159K [0x8b340000, 0x8c340000, 0x93340000)
  object space 16384K, 31% used [0x8b340000,0x8b849ee8,0x8c340000)
GC Heap History (4 events):
Event: 331.985 GC heap before
{Heap before GC invocations=1 (full 0):
 PSYoungGen      total 9216K, used 7936K [0xa8880000, 0xa92c0000, 0xb3340000)
  eden space 7936K, 100% used [0xa8880000,0xa9040000,0xa9040000)
  from space 1280K, 0% used [0xa9180000,0xa9180000,0xa92c0000)
  to   space 1280K, 0% used [0xa9040000,0xa9040000,0xa9180000)
 ParOldGen       total 20736K, used 0K [0x93340000, 0x94780000, 0xa8880000)
  object space 20736K, 0% used [0x93340000,0x93340000,0x94780000)
 PSPermGen       total 16384K, used 5159K [0x8b340000, 0x8c340000, 0x93340000)
  object space 16384K, 31% used [0x8b340000,0x8b849d68,0x8c340000)
Event: 331.997 GC heap after
Heap after GC invocations=1 (full 0):
 PSYoungGen      total 9216K, used 1250K [0xa8880000, 0xa92c0000, 0xb3340000)
  eden space 7936K, 0% used [0xa8880000,0xa8880000,0xa9040000)
  from space 1280K, 97% used [0xa9040000,0xa9178968,0xa9180000)
  to   space 1280K, 0% used [0xa9180000,0xa9180000,0xa92c0000)
 ParOldGen       total 20736K, used 4K [0x93340000, 0x94780000, 0xa8880000)
  object space 20736K, 0% used [0x93340000,0x93341000,0x94780000)
 PSPermGen       total 16384K, used 5159K [0x8b340000, 0x8c340000, 0x93340000)
  object space 16384K, 31% used [0x8b340000,0x8b849d68,0x8c340000)
}
Event: 937.449 GC heap before
{Heap before GC invocations=2 (full 0):
 PSYoungGen      total 9216K, used 9186K [0xa8880000, 0xa92c0000, 0xb3340000)
  eden space 7936K, 100% used [0xa8880000,0xa9040000,0xa9040000)
  from space 1280K, 97% used [0xa9040000,0xa9178968,0xa9180000)
  to   space 1280K, 0% used [0xa9180000,0xa9180000,0xa92c0000)
 ParOldGen       total 20736K, used 4K [0x93340000, 0x94780000, 0xa8880000)
  object space 20736K, 0% used [0x93340000,0x93341000,0x94780000)
 PSPermGen       total 16384K, used 5159K [0x8b340000, 0x8c340000, 0x93340000)
  object space 16384K, 31% used [0x8b340000,0x8b849ee8,0x8c340000)
Event: 937.456 GC heap after
Heap after GC invocations=2 (full 0):
 PSYoungGen      total 9216K, used 712K [0xa8880000, 0xa92c0000, 0xb3340000)
  eden space 7936K, 0% used [0xa8880000,0xa8880000,0xa9040000)
  from space 1280K, 55% used [0xa9180000,0xa9232060,0xa92c0000)
  to   space 1280K, 0% used [0xa9040000,0xa9040000,0xa9180000)
 ParOldGen       total 20736K, used 8K [0x93340000, 0x94780000, 0xa8880000)
  object space 20736K, 0% used [0x93340000,0x93342000,0x94780000)
 PSPermGen       total 16384K, used 5159K [0x8b340000, 0x8c340000, 0x93340000)
  object space 16384K, 31% used [0x8b340000,0x8b849ee8,0x8c340000)
}

