# JRE version: OpenJDK Runtime Environment (7.0_79-b14) (build 1.7.0_79-b14)
# Java VM: OpenJDK Server VM (24.79-b02 mixed mode linux-x86 )
Heap
 PSYoungGen      total 8704K, used 1930K [0xa8800000, 0xa91c0000, 0xb32c0000)
  eden space 7936K, 23% used [0xa8800000,0xa89da860,0xa8fc0000)
  from space 768K, 4% used [0xa8fc0000,0xa8fc8000,0xa9080000)
  to   space 1024K, 0% used [0xa90c0000,0xa90c0000,0xa91c0000)
 ParOldGen       total 20736K, used 482K [0x932c0000, 0x94700000, 0xa8800000)
  object space 20736K, 2% used [0x932c0000,0x93338b00,0x94700000)
 PSPermGen       total 16384K, used 3852K [0x8b2c0000, 0x8c2c0000, 0x932c0000)
  object space 16384K, 23% used [0x8b2c0000,0x8b6833f8,0x8c2c0000)
GC Heap History (10 events):
Event: 1489.953 GC heap before
{Heap before GC invocations=3 (full 0):
 PSYoungGen      total 9216K, used 8456K [0xa8800000, 0xa9240000, 0xb32c0000)
  eden space 7936K, 100% used [0xa8800000,0xa8fc0000,0xa8fc0000)
  from space 1280K, 40% used [0xa9100000,0xa9182050,0xa9240000)
  to   space 1280K, 0% used [0xa8fc0000,0xa8fc0000,0xa9100000)
 ParOldGen       total 20736K, used 8K [0x932c0000, 0x94700000, 0xa8800000)
  object space 20736K, 0% used [0x932c0000,0x932c2000,0x94700000)
 PSPermGen       total 16384K, used 3852K [0x8b2c0000, 0x8c2c0000, 0x932c0000)
  object space 16384K, 23% used [0x8b2c0000,0x8b683178,0x8c2c0000)
Event: 1489.959 GC heap after
Heap after GC invocations=3 (full 0):
 PSYoungGen      total 9216K, used 464K [0xa8800000, 0xa9240000, 0xb32c0000)
  eden space 7936K, 0% used [0xa8800000,0xa8800000,0xa8fc0000)
  from space 1280K, 36% used [0xa8fc0000,0xa9034040,0xa9100000)
  to   space 1280K, 0% used [0xa9100000,0xa9100000,0xa9240000)
 ParOldGen       total 20736K, used 8K [0x932c0000, 0x94700000, 0xa8800000)
  object space 20736K, 0% used [0x932c0000,0x932c2000,0x94700000)
 PSPermGen       total 16384K, used 3852K [0x8b2c0000, 0x8c2c0000, 0x932c0000)
  object space 16384K, 23% used [0x8b2c0000,0x8b683178,0x8c2c0000)
}
Event: 2038.658 GC heap before
{Heap before GC invocations=4 (full 0):
 PSYoungGen      total 9216K, used 8400K [0xa8800000, 0xa9240000, 0xb32c0000)
  eden space 7936K, 100% used [0xa8800000,0xa8fc0000,0xa8fc0000)
  from space 1280K, 36% used [0xa8fc0000,0xa9034040,0xa9100000)
  to   space 1280K, 0% used [0xa9100000,0xa9100000,0xa9240000)
 ParOldGen       total 20736K, used 8K [0x932c0000, 0x94700000, 0xa8800000)
  object space 20736K, 0% used [0x932c0000,0x932c2000,0x94700000)
 PSPermGen       total 16384K, used 3852K [0x8b2c0000, 0x8c2c0000, 0x932c0000)
  object space 16384K, 23% used [0x8b2c0000,0x8b683178,0x8c2c0000)
Event: 2038.662 GC heap after
Heap after GC invocations=4 (full 0):
 PSYoungGen      total 9216K, used 480K [0xa8800000, 0xa9240000, 0xb32c0000)
  eden space 7936K, 0% used [0xa8800000,0xa8800000,0xa8fc0000)
  from space 1280K, 37% used [0xa9100000,0xa9178040,0xa9240000)
  to   space 1280K, 0% used [0xa8fc0000,0xa8fc0000,0xa9100000)
 ParOldGen       total 20736K, used 8K [0x932c0000, 0x94700000, 0xa8800000)
  object space 20736K, 0% used [0x932c0000,0x932c2000,0x94700000)
 PSPermGen       total 16384K, used 3852K [0x8b2c0000, 0x8c2c0000, 0x932c0000)
  object space 16384K, 23% used [0x8b2c0000,0x8b683178,0x8c2c0000)
}
Event: 2609.473 GC heap before
{Heap before GC invocations=5 (full 0):
 PSYoungGen      total 9216K, used 8416K [0xa8800000, 0xa9240000, 0xb32c0000)
  eden space 7936K, 100% used [0xa8800000,0xa8fc0000,0xa8fc0000)
  from space 1280K, 37% used [0xa9100000,0xa9178040,0xa9240000)
  to   space 1280K, 0% used [0xa8fc0000,0xa8fc0000,0xa9100000)
 ParOldGen       total 20736K, used 8K [0x932c0000, 0x94700000, 0xa8800000)
  object space 20736K, 0% used [0x932c0000,0x932c2000,0x94700000)
 PSPermGen       total 16384K, used 3852K [0x8b2c0000, 0x8c2c0000, 0x932c0000)
  object space 16384K, 23% used [0x8b2c0000,0x8b683178,0x8c2c0000)
Event: 2609.502 GC heap after
Heap after GC invocations=5 (full 0):
 PSYoungGen      total 8448K, used 480K [0xa8800000, 0xa9140000, 0xb32c0000)
  eden space 7936K, 0% used [0xa8800000,0xa8800000,0xa8fc0000)
  from space 512K, 93% used [0xa8fc0000,0xa9038040,0xa9040000)
  to   space 768K, 0% used [0xa9080000,0xa9080000,0xa9140000)
 ParOldGen       total 20736K, used 8K [0x932c0000, 0x94700000, 0xa8800000)
  object space 20736K, 0% used [0x932c0000,0x932c2000,0x94700000)
 PSPermGen       total 16384K, used 3852K [0x8b2c0000, 0x8c2c0000, 0x932c0000)
  object space 16384K, 23% used [0x8b2c0000,0x8b683178,0x8c2c0000)
}
Event: 3324.835 GC heap before
{Heap before GC invocations=6 (full 0):
 PSYoungGen      total 8448K, used 8416K [0xa8800000, 0xa9140000, 0xb32c0000)
  eden space 7936K, 100% used [0xa8800000,0xa8fc0000,0xa8fc0000)
  from space 512K, 93% used [0xa8fc0000,0xa9038040,0xa9040000)
  to   space 768K, 0% used [0xa9080000,0xa9080000,0xa9140000)
 ParOldGen       total 20736K, used 8K [0x932c0000, 0x94700000, 0xa8800000)
  object space 20736K, 0% used [0x932c0000,0x932c2000,0x94700000)
 PSPermGen       total 16384K, used 3852K [0x8b2c0000, 0x8c2c0000, 0x932c0000)
  object space 16384K, 23% used [0x8b2c0000,0x8b683178,0x8c2c0000)
Event: 3324.837 GC heap after
Heap after GC invocations=6 (full 0):
 PSYoungGen      total 8704K, used 472K [0xa8800000, 0xa9140000, 0xb32c0000)
  eden space 7936K, 0% used [0xa8800000,0xa8800000,0xa8fc0000)
  from space 768K, 61% used [0xa9080000,0xa90f6030,0xa9140000)
  to   space 768K, 0% used [0xa8fc0000,0xa8fc0000,0xa9080000)
 ParOldGen       total 20736K, used 12K [0x932c0000, 0x94700000, 0xa8800000)
  object space 20736K, 0% used [0x932c0000,0x932c3000,0x94700000)
 PSPermGen       total 16384K, used 3852K [0x8b2c0000, 0x8c2c0000, 0x932c0000)
  object space 16384K, 23% used [0x8b2c0000,0x8b683178,0x8c2c0000)
}
Event: 4172.986 GC heap before
{Heap before GC invocations=7 (full 0):
 PSYoungGen      total 8704K, used 8408K [0xa8800000, 0xa9140000, 0xb32c0000)
  eden space 7936K, 100% used [0xa8800000,0xa8fc0000,0xa8fc0000)
  from space 768K, 61% used [0xa9080000,0xa90f6030,0xa9140000)
  to   space 768K, 0% used [0xa8fc0000,0xa8fc0000,0xa9080000)
 ParOldGen       total 20736K, used 12K [0x932c0000, 0x94700000, 0xa8800000)
  object space 20736K, 0% used [0x932c0000,0x932c3000,0x94700000)
 PSPermGen       total 16384K, used 3852K [0x8b2c0000, 0x8c2c0000, 0x932c0000)
  object space 16384K, 23% used [0x8b2c0000,0x8b6833f8,0x8c2c0000)
Event: 4173.005 GC heap after
Heap after GC invocations=7 (full 0):
 PSYoungGen      total 8704K, used 32K [0xa8800000, 0xa91c0000, 0xb32c0000)
  eden space 7936K, 0% used [0xa8800000,0xa8800000,0xa8fc0000)
  from space 768K, 4% used [0xa8fc0000,0xa8fc8000,0xa9080000)
  to   space 1024K, 0% used [0xa90c0000,0xa90c0000,0xa91c0000)
 ParOldGen       total 20736K, used 482K [0x932c0000, 0x94700000, 0xa8800000)
  object space 20736K, 2% used [0x932c0000,0x93338b00,0x94700000)
 PSPermGen       total 16384K, used 3852K [0x8b2c0000, 0x8c2c0000, 0x932c0000)
  object space 16384K, 23% used [0x8b2c0000,0x8b6833f8,0x8c2c0000)
}

